<?xml version="1.0" encoding="UTF-8"?>
<testsuite xmlns:xsi="http://www.w3.org/2001/XMLSchema-instance" xsi:noNamespaceSchemaLocation="https://maven.apache.org/surefire/maven-surefire-plugin/xsd/surefire-test-report.xsd" name="org.example.RunCukeTest" time="70.205" tests="33" errors="6" skipped="12" failures="0">
  <properties>
    <property name="sun.desktop" value="windows"/>
    <property name="awt.toolkit" value="sun.awt.windows.WToolkit"/>
    <property name="file.encoding.pkg" value="sun.io"/>
    <property name="java.specification.version" value="1.8"/>
    <property name="sun.cpu.isalist" value="amd64"/>
    <property name="sun.jnu.encoding" value="Cp1252"/>
    <property name="java.class.path" value="C:\Users\Kaushal Samani\IdeaProjects\SeleniumBDDFramework\target\test-classes;C:\Users\Kaushal Samani\IdeaProjects\SeleniumBDDFramework\target\classes;C:\Users\Kaushal Samani\.m2\repository\org\seleniumhq\selenium\selenium-java\3.14.0\selenium-java-3.14.0.jar;C:\Users\Kaushal Samani\.m2\repository\org\seleniumhq\selenium\selenium-api\3.14.0\selenium-api-3.14.0.jar;C:\Users\Kaushal Samani\.m2\repository\org\seleniumhq\selenium\selenium-chrome-driver\3.14.0\selenium-chrome-driver-3.14.0.jar;C:\Users\Kaushal Samani\.m2\repository\org\seleniumhq\selenium\selenium-edge-driver\3.14.0\selenium-edge-driver-3.14.0.jar;C:\Users\Kaushal Samani\.m2\repository\org\seleniumhq\selenium\selenium-firefox-driver\3.14.0\selenium-firefox-driver-3.14.0.jar;C:\Users\Kaushal Samani\.m2\repository\org\seleniumhq\selenium\selenium-ie-driver\3.14.0\selenium-ie-driver-3.14.0.jar;C:\Users\Kaushal Samani\.m2\repository\org\seleniumhq\selenium\selenium-opera-driver\3.14.0\selenium-opera-driver-3.14.0.jar;C:\Users\Kaushal Samani\.m2\repository\org\seleniumhq\selenium\selenium-remote-driver\3.14.0\selenium-remote-driver-3.14.0.jar;C:\Users\Kaushal Samani\.m2\repository\org\seleniumhq\selenium\selenium-safari-driver\3.14.0\selenium-safari-driver-3.14.0.jar;C:\Users\Kaushal Samani\.m2\repository\org\seleniumhq\selenium\selenium-support\3.14.0\selenium-support-3.14.0.jar;C:\Users\Kaushal Samani\.m2\repository\net\bytebuddy\byte-buddy\1.8.15\byte-buddy-1.8.15.jar;C:\Users\Kaushal Samani\.m2\repository\org\apache\commons\commons-exec\1.3\commons-exec-1.3.jar;C:\Users\Kaushal Samani\.m2\repository\commons-codec\commons-codec\1.10\commons-codec-1.10.jar;C:\Users\Kaushal Samani\.m2\repository\commons-logging\commons-logging\1.2\commons-logging-1.2.jar;C:\Users\Kaushal Samani\.m2\repository\com\google\guava\guava\25.0-jre\guava-25.0-jre.jar;C:\Users\Kaushal Samani\.m2\repository\com\google\code\findbugs\jsr305\1.3.9\jsr305-1.3.9.jar;C:\Users\Kaushal Samani\.m2\repository\org\checkerframework\checker-compat-qual\2.0.0\checker-compat-qual-2.0.0.jar;C:\Users\Kaushal Samani\.m2\repository\com\google\errorprone\error_prone_annotations\2.1.3\error_prone_annotations-2.1.3.jar;C:\Users\Kaushal Samani\.m2\repository\com\google\j2objc\j2objc-annotations\1.1\j2objc-annotations-1.1.jar;C:\Users\Kaushal Samani\.m2\repository\org\codehaus\mojo\animal-sniffer-annotations\1.14\animal-sniffer-annotations-1.14.jar;C:\Users\Kaushal Samani\.m2\repository\org\apache\httpcomponents\httpclient\4.5.5\httpclient-4.5.5.jar;C:\Users\Kaushal Samani\.m2\repository\org\apache\httpcomponents\httpcore\4.4.9\httpcore-4.4.9.jar;C:\Users\Kaushal Samani\.m2\repository\com\squareup\okhttp3\okhttp\3.10.0\okhttp-3.10.0.jar;C:\Users\Kaushal Samani\.m2\repository\com\squareup\okio\okio\1.14.1\okio-1.14.1.jar;C:\Users\Kaushal Samani\.m2\repository\info\cukes\cucumber-junit\1.2.5\cucumber-junit-1.2.5.jar;C:\Users\Kaushal Samani\.m2\repository\info\cukes\cucumber-core\1.2.5\cucumber-core-1.2.5.jar;C:\Users\Kaushal Samani\.m2\repository\info\cukes\cucumber-html\0.2.3\cucumber-html-0.2.3.jar;C:\Users\Kaushal Samani\.m2\repository\info\cukes\cucumber-jvm-deps\1.0.5\cucumber-jvm-deps-1.0.5.jar;C:\Users\Kaushal Samani\.m2\repository\info\cukes\gherkin\2.12.2\gherkin-2.12.2.jar;C:\Users\Kaushal Samani\.m2\repository\junit\junit\4.12\junit-4.12.jar;C:\Users\Kaushal Samani\.m2\repository\org\hamcrest\hamcrest-core\1.3\hamcrest-core-1.3.jar;C:\Users\Kaushal Samani\.m2\repository\info\cukes\cucumber-java\1.2.5\cucumber-java-1.2.5.jar;C:\Users\Kaushal Samani\.m2\repository\log4j\log4j\1.2.17\log4j-1.2.17.jar;C:\Users\Kaushal Samani\.m2\repository\org\hamcrest\hamcrest-all\1.3\hamcrest-all-1.3.jar;C:\Users\Kaushal Samani\.m2\repository\io\github\bonigarcia\webdrivermanager\4.1.0\webdrivermanager-4.1.0.jar;C:\Users\Kaushal Samani\.m2\repository\org\slf4j\slf4j-api\1.7.30\slf4j-api-1.7.30.jar;C:\Users\Kaushal Samani\.m2\repository\commons-io\commons-io\2.7\commons-io-2.7.jar;C:\Users\Kaushal Samani\.m2\repository\com\google\code\gson\gson\2.8.6\gson-2.8.6.jar;C:\Users\Kaushal Samani\.m2\repository\org\apache\commons\commons-lang3\3.10\commons-lang3-3.10.jar;C:\Users\Kaushal Samani\.m2\repository\org\apache\httpcomponents\client5\httpclient5\5.0.1\httpclient5-5.0.1.jar;C:\Users\Kaushal Samani\.m2\repository\org\apache\httpcomponents\core5\httpcore5\5.0.1\httpcore5-5.0.1.jar;C:\Users\Kaushal Samani\.m2\repository\org\apache\httpcomponents\core5\httpcore5-h2\5.0.1\httpcore5-h2-5.0.1.jar;C:\Users\Kaushal Samani\.m2\repository\org\rauschig\jarchivelib\1.0.0\jarchivelib-1.0.0.jar;C:\Users\Kaushal Samani\.m2\repository\org\apache\commons\commons-compress\1.18\commons-compress-1.18.jar;C:\Users\Kaushal Samani\.m2\repository\org\jsoup\jsoup\1.13.1\jsoup-1.13.1.jar;"/>
    <property name="java.vm.vendor" value="Oracle Corporation"/>
    <property name="sun.arch.data.model" value="64"/>
    <property name="user.variant" value=""/>
    <property name="java.vendor.url" value="http://java.oracle.com/"/>
    <property name="user.timezone" value="Europe/London"/>
    <property name="java.vm.specification.version" value="1.8"/>
    <property name="os.name" value="Windows 10"/>
    <property name="user.country" value="US"/>
    <property name="sun.java.launcher" value="SUN_STANDARD"/>
    <property name="sun.boot.library.path" value="C:\Program Files\Java\jdk1.8.0_361\jre\bin"/>
    <property name="sun.java.command" value="C:\Users\KAUSHA~1\AppData\Local\Temp\surefire1297494513181324137\surefirebooter6016741449259731190.jar C:\Users\Kaushal Samani\AppData\Local\Temp\surefire1297494513181324137 2023-07-06T22-28-40_244-jvmRun1 surefire3016719708285554005tmp surefire_08726867456448451245tmp"/>
    <property name="surefire.test.class.path" value="C:\Users\Kaushal Samani\IdeaProjects\SeleniumBDDFramework\target\test-classes;C:\Users\Kaushal Samani\IdeaProjects\SeleniumBDDFramework\target\classes;C:\Users\Kaushal Samani\.m2\repository\org\seleniumhq\selenium\selenium-java\3.14.0\selenium-java-3.14.0.jar;C:\Users\Kaushal Samani\.m2\repository\org\seleniumhq\selenium\selenium-api\3.14.0\selenium-api-3.14.0.jar;C:\Users\Kaushal Samani\.m2\repository\org\seleniumhq\selenium\selenium-chrome-driver\3.14.0\selenium-chrome-driver-3.14.0.jar;C:\Users\Kaushal Samani\.m2\repository\org\seleniumhq\selenium\selenium-edge-driver\3.14.0\selenium-edge-driver-3.14.0.jar;C:\Users\Kaushal Samani\.m2\repository\org\seleniumhq\selenium\selenium-firefox-driver\3.14.0\selenium-firefox-driver-3.14.0.jar;C:\Users\Kaushal Samani\.m2\repository\org\seleniumhq\selenium\selenium-ie-driver\3.14.0\selenium-ie-driver-3.14.0.jar;C:\Users\Kaushal Samani\.m2\repository\org\seleniumhq\selenium\selenium-opera-driver\3.14.0\selenium-opera-driver-3.14.0.jar;C:\Users\Kaushal Samani\.m2\repository\org\seleniumhq\selenium\selenium-remote-driver\3.14.0\selenium-remote-driver-3.14.0.jar;C:\Users\Kaushal Samani\.m2\repository\org\seleniumhq\selenium\selenium-safari-driver\3.14.0\selenium-safari-driver-3.14.0.jar;C:\Users\Kaushal Samani\.m2\repository\org\seleniumhq\selenium\selenium-support\3.14.0\selenium-support-3.14.0.jar;C:\Users\Kaushal Samani\.m2\repository\net\bytebuddy\byte-buddy\1.8.15\byte-buddy-1.8.15.jar;C:\Users\Kaushal Samani\.m2\repository\org\apache\commons\commons-exec\1.3\commons-exec-1.3.jar;C:\Users\Kaushal Samani\.m2\repository\commons-codec\commons-codec\1.10\commons-codec-1.10.jar;C:\Users\Kaushal Samani\.m2\repository\commons-logging\commons-logging\1.2\commons-logging-1.2.jar;C:\Users\Kaushal Samani\.m2\repository\com\google\guava\guava\25.0-jre\guava-25.0-jre.jar;C:\Users\Kaushal Samani\.m2\repository\com\google\code\findbugs\jsr305\1.3.9\jsr305-1.3.9.jar;C:\Users\Kaushal Samani\.m2\repository\org\checkerframework\checker-compat-qual\2.0.0\checker-compat-qual-2.0.0.jar;C:\Users\Kaushal Samani\.m2\repository\com\google\errorprone\error_prone_annotations\2.1.3\error_prone_annotations-2.1.3.jar;C:\Users\Kaushal Samani\.m2\repository\com\google\j2objc\j2objc-annotations\1.1\j2objc-annotations-1.1.jar;C:\Users\Kaushal Samani\.m2\repository\org\codehaus\mojo\animal-sniffer-annotations\1.14\animal-sniffer-annotations-1.14.jar;C:\Users\Kaushal Samani\.m2\repository\org\apache\httpcomponents\httpclient\4.5.5\httpclient-4.5.5.jar;C:\Users\Kaushal Samani\.m2\repository\org\apache\httpcomponents\httpcore\4.4.9\httpcore-4.4.9.jar;C:\Users\Kaushal Samani\.m2\repository\com\squareup\okhttp3\okhttp\3.10.0\okhttp-3.10.0.jar;C:\Users\Kaushal Samani\.m2\repository\com\squareup\okio\okio\1.14.1\okio-1.14.1.jar;C:\Users\Kaushal Samani\.m2\repository\info\cukes\cucumber-junit\1.2.5\cucumber-junit-1.2.5.jar;C:\Users\Kaushal Samani\.m2\repository\info\cukes\cucumber-core\1.2.5\cucumber-core-1.2.5.jar;C:\Users\Kaushal Samani\.m2\repository\info\cukes\cucumber-html\0.2.3\cucumber-html-0.2.3.jar;C:\Users\Kaushal Samani\.m2\repository\info\cukes\cucumber-jvm-deps\1.0.5\cucumber-jvm-deps-1.0.5.jar;C:\Users\Kaushal Samani\.m2\repository\info\cukes\gherkin\2.12.2\gherkin-2.12.2.jar;C:\Users\Kaushal Samani\.m2\repository\junit\junit\4.12\junit-4.12.jar;C:\Users\Kaushal Samani\.m2\repository\org\hamcrest\hamcrest-core\1.3\hamcrest-core-1.3.jar;C:\Users\Kaushal Samani\.m2\repository\info\cukes\cucumber-java\1.2.5\cucumber-java-1.2.5.jar;C:\Users\Kaushal Samani\.m2\repository\log4j\log4j\1.2.17\log4j-1.2.17.jar;C:\Users\Kaushal Samani\.m2\repository\org\hamcrest\hamcrest-all\1.3\hamcrest-all-1.3.jar;C:\Users\Kaushal Samani\.m2\repository\io\github\bonigarcia\webdrivermanager\4.1.0\webdrivermanager-4.1.0.jar;C:\Users\Kaushal Samani\.m2\repository\org\slf4j\slf4j-api\1.7.30\slf4j-api-1.7.30.jar;C:\Users\Kaushal Samani\.m2\repository\commons-io\commons-io\2.7\commons-io-2.7.jar;C:\Users\Kaushal Samani\.m2\repository\com\google\code\gson\gson\2.8.6\gson-2.8.6.jar;C:\Users\Kaushal Samani\.m2\repository\org\apache\commons\commons-lang3\3.10\commons-lang3-3.10.jar;C:\Users\Kaushal Samani\.m2\repository\org\apache\httpcomponents\client5\httpclient5\5.0.1\httpclient5-5.0.1.jar;C:\Users\Kaushal Samani\.m2\repository\org\apache\httpcomponents\core5\httpcore5\5.0.1\httpcore5-5.0.1.jar;C:\Users\Kaushal Samani\.m2\repository\org\apache\httpcomponents\core5\httpcore5-h2\5.0.1\httpcore5-h2-5.0.1.jar;C:\Users\Kaushal Samani\.m2\repository\org\rauschig\jarchivelib\1.0.0\jarchivelib-1.0.0.jar;C:\Users\Kaushal Samani\.m2\repository\org\apache\commons\commons-compress\1.18\commons-compress-1.18.jar;C:\Users\Kaushal Samani\.m2\repository\org\jsoup\jsoup\1.13.1\jsoup-1.13.1.jar;"/>
    <property name="sun.cpu.endian" value="little"/>
    <property name="user.home" value="C:\Users\Kaushal Samani"/>
    <property name="user.language" value="en"/>
    <property name="java.specification.vendor" value="Oracle Corporation"/>
    <property name="java.home" value="C:\Program Files\Java\jdk1.8.0_361\jre"/>
    <property name="basedir" value="C:\Users\Kaushal Samani\IdeaProjects\SeleniumBDDFramework"/>
    <property name="file.separator" value="\"/>
    <property name="line.separator" value="&#10;"/>
    <property name="java.vm.specification.vendor" value="Oracle Corporation"/>
    <property name="java.specification.name" value="Java Platform API Specification"/>
    <property name="java.awt.graphicsenv" value="sun.awt.Win32GraphicsEnvironment"/>
    <property name="surefire.real.class.path" value="C:\Users\KAUSHA~1\AppData\Local\Temp\surefire1297494513181324137\surefirebooter6016741449259731190.jar"/>
    <property name="sun.boot.class.path" value="C:\Program Files\Java\jdk1.8.0_361\jre\lib\resources.jar;C:\Program Files\Java\jdk1.8.0_361\jre\lib\rt.jar;C:\Program Files\Java\jdk1.8.0_361\jre\lib\jsse.jar;C:\Program Files\Java\jdk1.8.0_361\jre\lib\jce.jar;C:\Program Files\Java\jdk1.8.0_361\jre\lib\charsets.jar;C:\Program Files\Java\jdk1.8.0_361\jre\lib\jfr.jar;C:\Program Files\Java\jdk1.8.0_361\jre\classes"/>
    <property name="user.script" value=""/>
    <property name="sun.management.compiler" value="HotSpot 64-Bit Tiered Compilers"/>
    <property name="java.runtime.version" value="1.8.0_361-b09"/>
    <property name="user.name" value="Kaushal Samani"/>
    <property name="path.separator" value=";"/>
    <property name="os.version" value="10.0"/>
    <property name="java.endorsed.dirs" value="C:\Program Files\Java\jdk1.8.0_361\jre\lib\endorsed"/>
    <property name="java.runtime.name" value="Java(TM) SE Runtime Environment"/>
    <property name="file.encoding" value="Cp1252"/>
    <property name="java.vm.name" value="Java HotSpot(TM) 64-Bit Server VM"/>
    <property name="localRepository" value="C:\Users\Kaushal Samani\.m2\repository"/>
    <property name="java.vendor.url.bug" value="http://bugreport.sun.com/bugreport/"/>
    <property name="java.io.tmpdir" value="C:\Users\KAUSHA~1\AppData\Local\Temp\"/>
    <property name="idea.version" value="2022.3.1"/>
    <property name="java.version" value="1.8.0_361"/>
    <property name="user.dir" value="C:\Users\Kaushal Samani\IdeaProjects\SeleniumBDDFramework"/>
    <property name="os.arch" value="amd64"/>
    <property name="java.vm.specification.name" value="Java Virtual Machine Specification"/>
    <property name="java.awt.printerjob" value="sun.awt.windows.WPrinterJob"/>
    <property name="sun.os.patch.level" value=""/>
    <property name="java.library.path" value="C:\Program Files\Java\jdk1.8.0_361\jre\bin;C:\WINDOWS\Sun\Java\bin;C:\WINDOWS\system32;C:\WINDOWS;C:\Program Files (x86)\Common Files\Oracle\Java\javapath;C:\WINDOWS\system32;C:\WINDOWS;C:\WINDOWS\System32\Wbem;C:\WINDOWS\System32\WindowsPowerShell\v1.0\;C:\Program Files\Intel\WiFi\bin\;C:\Program Files\Common Files\Intel\WirelessCommon\;C:\WINDOWS\System32\OpenSSH\;c:\Program Files (x86)\Microsoft SQL Server\100\Tools\Binn\;c:\Program Files\Microsoft SQL Server\100\Tools\Binn\;c:\Program Files\Microsoft SQL Server\100\DTS\Binn\;C:\Program Files\Git\cmd;C:\Program Files\Java\jdk1.8.0_361\bin;C:\Users\Kaushal Samani\AppData\Local\Microsoft\WindowsApps;;C:\Program Files\JetBrains\IntelliJ IDEA Community Edition 2022.3.1\bin;;."/>
    <property name="java.vm.info" value="mixed mode"/>
    <property name="java.vendor" value="Oracle Corporation"/>
    <property name="java.vm.version" value="25.361-b09"/>
    <property name="java.specification.maintenance.version" value="4"/>
    <property name="java.ext.dirs" value="C:\Program Files\Java\jdk1.8.0_361\jre\lib\ext;C:\WINDOWS\Sun\Java\lib\ext"/>
    <property name="sun.io.unicode.encoding" value="UnicodeLittle"/>
    <property name="java.class.version" value="52.0"/>
  </properties>
  <testcase name="Given I an on homepage" classname="| Krishna | Vasani | vk@gmail.com | 123456 | 123456 |" time="0.003"/>
  <testcase name="When I click on registration btn on home page" classname="| Krishna | Vasani | vk@gmail.com | 123456 | 123456 |" time="0"/>
  <testcase name="And I enter the valid firstname &quot;Krishna&quot;" classname="| Krishna | Vasani | vk@gmail.com | 123456 | 123456 |" time="0.001"/>
  <testcase name="And I enter the valid lastname &quot;Vasani&quot;" classname="| Krishna | Vasani | vk@gmail.com | 123456 | 123456 |" time="0"/>
  <testcase name="And I enter the valid email &quot;vk@gmail.com&quot;" classname="| Krishna | Vasani | vk@gmail.com | 123456 | 123456 |" time="0"/>
  <testcase name="And I enter the 123456" classname="| Krishna | Vasani | vk@gmail.com | 123456 | 123456 |" time="0.008">
    <error message="TODO: implement me" type="cucumber.api.PendingException">cucumber.api.PendingException: TODO: implement me
</error>
  </testcase>
  <testcase name="| Krishna | Vasani | vk@gmail.com | 123456 | 123456 |" classname="| Krishna | Vasani | vk@gmail.com | 123456 | 123456 |" time="0.008">
    <error message="TODO: implement me" type="cucumber.api.PendingException">cucumber.api.PendingException: TODO: implement me
</error>
  </testcase>
  <testcase name="And I enter the confirm password &quot;123456&quot;" classname="| Krishna | Vasani | vk@gmail.com | 123456 | 123456 |" time="0">
    <skipped/>
  </testcase>
  <testcase name="And I click on Register btn" classname="| Krishna | Vasani | vk@gmail.com | 123456 | 123456 |" time="0">
    <skipped/>
  </testcase>
  <testcase name="Then I should see on registration page &quot;Your registration completed&quot; text" classname="| Krishna | Vasani | vk@gmail.com | 123456 | 123456 |" time="0">
    <skipped/>
  </testcase>
  <testcase name="And the url should contain &quot;/registerresult/&quot;" classname="| Krishna | Vasani | vk@gmail.com | 123456 | 123456 |" time="0">
    <skipped/>
  </testcase>
  <testcase name="Given I an on homepage" classname="| Urvi | Vasani | uv@gmail.com | 123456 | 123456 |" time="0"/>
  <testcase name="When I click on registration btn on home page" classname="| Urvi | Vasani | uv@gmail.com | 123456 | 123456 |" time="0"/>
  <testcase name="And I enter the valid firstname &quot;Urvi&quot;" classname="| Urvi | Vasani | uv@gmail.com | 123456 | 123456 |" time="0"/>
  <testcase name="And I enter the valid lastname &quot;Vasani&quot;" classname="| Urvi | Vasani | uv@gmail.com | 123456 | 123456 |" time="0"/>
  <testcase name="And I enter the valid email &quot;uv@gmail.com&quot;" classname="| Urvi | Vasani | uv@gmail.com | 123456 | 123456 |" time="0"/>
  <testcase name="And I enter the 123456" classname="| Urvi | Vasani | uv@gmail.com | 123456 | 123456 |" time="0">
    <error message="TODO: implement me" type="cucumber.api.PendingException">cucumber.api.PendingException: TODO: implement me
</error>
  </testcase>
  <testcase name="| Urvi | Vasani | uv@gmail.com | 123456 | 123456 |" classname="| Urvi | Vasani | uv@gmail.com | 123456 | 123456 |" time="0.001">
    <error message="TODO: implement me" type="cucumber.api.PendingException">cucumber.api.PendingException: TODO: implement me
</error>
  </testcase>
  <testcase name="And I enter the confirm password &quot;123456&quot;" classname="| Urvi | Vasani | uv@gmail.com | 123456 | 123456 |" time="0">
    <skipped/>
  </testcase>
  <testcase name="And I click on Register btn" classname="| Urvi | Vasani | uv@gmail.com | 123456 | 123456 |" time="0">
    <skipped/>
  </testcase>
  <testcase name="Then I should see on registration page &quot;Your registration completed&quot; text" classname="| Urvi | Vasani | uv@gmail.com | 123456 | 123456 |" time="0">
    <skipped/>
  </testcase>
  <testcase name="And the url should contain &quot;/registerresult/&quot;" classname="| Urvi | Vasani | uv@gmail.com | 123456 | 123456 |" time="0">
    <skipped/>
  </testcase>
  <testcase name="Given I an on homepage" classname="| Milan | Vasani | mv@gmail.com | 123456 | 123456 |" time="0"/>
  <testcase name="When I click on registration btn on home page" classname="| Milan | Vasani | mv@gmail.com | 123456 | 123456 |" time="0"/>
  <testcase name="And I enter the valid firstname &quot;Milan&quot;" classname="| Milan | Vasani | mv@gmail.com | 123456 | 123456 |" time="0"/>
  <testcase name="And I enter the valid lastname &quot;Vasani&quot;" classname="| Milan | Vasani | mv@gmail.com | 123456 | 123456 |" time="0"/>
  <testcase name="And I enter the valid email &quot;mv@gmail.com&quot;" classname="| Milan | Vasani | mv@gmail.com | 123456 | 123456 |" time="0"/>
  <testcase name="And I enter the 123456" classname="| Milan | Vasani | mv@gmail.com | 123456 | 123456 |" time="0">
    <error message="TODO: implement me" type="cucumber.api.PendingException">cucumber.api.PendingException: TODO: implement me
</error>
  </testcase>
  <testcase name="| Milan | Vasani | mv@gmail.com | 123456 | 123456 |" classname="| Milan | Vasani | mv@gmail.com | 123456 | 123456 |" time="0.001">
    <error message="TODO: implement me" type="cucumber.api.PendingException">cucumber.api.PendingException: TODO: implement me
</error>
  </testcase>
  <testcase name="And I enter the confirm password &quot;123456&quot;" classname="| Milan | Vasani | mv@gmail.com | 123456 | 123456 |" time="0">
    <skipped/>
  </testcase>
  <testcase name="And I click on Register btn" classname="| Milan | Vasani | mv@gmail.com | 123456 | 123456 |" time="0">
    <skipped/>
  </testcase>
  <testcase name="Then I should see on registration page &quot;Your registration completed&quot; text" classname="| Milan | Vasani | mv@gmail.com | 123456 | 123456 |" time="0">
    <skipped/>
  </testcase>
  <testcase name="And the url should contain &quot;/registerresult/&quot;" classname="| Milan | Vasani | mv@gmail.com | 123456 | 123456 |" time="0">
    <skipped/>
  </testcase>
</testsuite>